<?xml version="1.0" encoding="UTF-8"?>
<!-- Generated by org.testng.reporters.JUnitXMLReporter -->
<testsuite ignored="0" hostname="LIN80032459" failures="0" tests="4" name="mytest" time="12.071" errors="0" timestamp="2023-09-15T22:58:06 IST">
  <testcase classname="TestNg.SecondTest" name="OpenApp" time="5.483"/>
  <testcase classname="TestNg.SecondTest" name="login" time="0.727"/>
  <testcase classname="TestNg.SecondTest" name="close" time="0.323"/>
  <testcase classname="TestNg.SecondTest1" name="login" time="0.803"/>
</testsuite> <!-- mytest -->
