<?xml version="1.0" encoding="UTF-8"?>
<!-- Generated by org.testng.reporters.JUnitXMLReporter -->
<testsuite ignored="0" hostname="LIN80032459" failures="1" tests="3" name="Test" time="0.09" errors="0" timestamp="2023-09-16T20:29:09 IST">
  <testcase classname="TestListenors.MyClass" name="test1" time="0.024"/>
  <testcase classname="TestListenors.MyClass" name="test2" time="0.001">
    <failure type="java.lang.AssertionError" message="expected:&amp;lt;A&amp;gt; but was:&amp;lt;B&amp;gt;">
      <![CDATA[java.lang.AssertionError: expected:<A> but was:<B>
at TestListenors.MyClass.test2(MyClass.java:16)
at java.base/java.util.ArrayList.forEach(ArrayList.java:1511)
... Removed 29 stack frames]]>
    </failure>
  </testcase> <!-- test2 -->
  <testcase classname="TestListenors.MyClass" name="test3" time="0.0">
    <skipped/>
  </testcase> <!-- test3 -->
</testsuite> <!-- Test -->
