<?xml version="1.0" encoding="UTF-8"?>
<testng-results ignored="0" total="4" passed="4" failed="0" skipped="0">
  <reporter-output>
  </reporter-output>
  <suite started-at="2024-01-25T14:58:52 IST" name="Suite" finished-at="2024-01-25T14:58:52 IST" duration-ms="156">
    <groups>
    </groups>
    <test started-at="2024-01-25T14:58:52 IST" name="Test1" finished-at="2024-01-25T14:58:52 IST" duration-ms="72">
      <class name="testNg3.Class2">
        <test-method signature="xyz()[pri:0, instance:testNg3.Class2@3eb738bb]" started-at="2024-01-25T14:58:52 IST" name="xyz" finished-at="2024-01-25T14:58:52 IST" duration-ms="1" status="PASS">
          <reporter-output>
          </reporter-output>
        </test-method> <!-- xyz -->
        <test-method is-config="true" signature="n()[pri:0, instance:testNg3.Class2@3eb738bb]" started-at="2024-01-25T14:58:52 IST" name="n" finished-at="2024-01-25T14:58:52 IST" duration-ms="1" status="PASS">
          <reporter-output>
          </reporter-output>
        </test-method> <!-- n -->
      </class> <!-- testNg3.Class2 -->
      <class name="testNg3.Class1">
        <test-method is-config="true" signature="m()[pri:0, instance:testNg3.Class1@229f66ed]" started-at="2024-01-25T14:58:52 IST" name="m" finished-at="2024-01-25T14:58:52 IST" duration-ms="0" status="PASS">
          <reporter-output>
          </reporter-output>
        </test-method> <!-- m -->
        <test-method signature="abc()[pri:0, instance:testNg3.Class1@229f66ed]" started-at="2024-01-25T14:58:52 IST" name="abc" finished-at="2024-01-25T14:58:52 IST" duration-ms="7" status="PASS">
          <reporter-output>
          </reporter-output>
        </test-method> <!-- abc -->
      </class> <!-- testNg3.Class1 -->
    </test> <!-- Test1 -->
    <test started-at="2024-01-25T14:58:52 IST" name="Test2" finished-at="2024-01-25T14:58:52 IST" duration-ms="8">
      <class name="testNg3.Class2">
        <test-method signature="xyz()[pri:0, instance:testNg3.Class2@7d20d0b]" started-at="2024-01-25T14:58:52 IST" name="xyz" finished-at="2024-01-25T14:58:52 IST" duration-ms="1" status="PASS">
          <reporter-output>
          </reporter-output>
        </test-method> <!-- xyz -->
        <test-method is-config="true" signature="n()[pri:0, instance:testNg3.Class2@7d20d0b]" started-at="2024-01-25T14:58:52 IST" name="n" finished-at="2024-01-25T14:58:52 IST" duration-ms="0" status="PASS">
          <reporter-output>
          </reporter-output>
        </test-method> <!-- n -->
      </class> <!-- testNg3.Class2 -->
      <class name="testNg3.Class1">
        <test-method is-config="true" signature="bs()[pri:0, instance:testNg3.Class1@24313fcc]" started-at="2024-01-25T14:58:52 IST" name="bs" finished-at="2024-01-25T14:58:52 IST" duration-ms="34" status="PASS">
          <reporter-output>
          </reporter-output>
        </test-method> <!-- bs -->
        <test-method is-config="true" signature="m()[pri:0, instance:testNg3.Class1@24313fcc]" started-at="2024-01-25T14:58:52 IST" name="m" finished-at="2024-01-25T14:58:52 IST" duration-ms="0" status="PASS">
          <reporter-output>
          </reporter-output>
        </test-method> <!-- m -->
        <test-method signature="abc()[pri:0, instance:testNg3.Class1@24313fcc]" started-at="2024-01-25T14:58:52 IST" name="abc" finished-at="2024-01-25T14:58:52 IST" duration-ms="1" status="PASS">
          <reporter-output>
          </reporter-output>
        </test-method> <!-- abc -->
        <test-method is-config="true" signature="as()[pri:0, instance:testNg3.Class1@24313fcc]" started-at="2024-01-25T14:58:52 IST" name="as" finished-at="2024-01-25T14:58:52 IST" duration-ms="1" status="PASS">
          <reporter-output>
          </reporter-output>
        </test-method> <!-- as -->
      </class> <!-- testNg3.Class1 -->
    </test> <!-- Test2 -->
  </suite> <!-- Suite -->
</testng-results>
