<?xml version="1.0" encoding="UTF-8"?>
<testng-results ignored="0" total="2" passed="2" failed="0" skipped="0">
  <reporter-output>
  </reporter-output>
  <suite started-at="2023-09-17T17:05:25 IST" name="Default suite" finished-at="2023-09-17T17:05:41 IST" duration-ms="15796">
    <groups>
    </groups>
    <test started-at="2023-09-17T17:05:25 IST" name="Default test" finished-at="2023-09-17T17:05:41 IST" duration-ms="15796">
      <class name="PageObjectModel.PageObjectTest">
        <test-method is-config="true" signature="setup()[pri:0, instance:PageObjectModel.PageObjectTest@294425a7]" started-at="2023-09-17T17:05:25 IST" name="setup" finished-at="2023-09-17T17:05:35 IST" duration-ms="10431" status="PASS">
          <reporter-output>
          </reporter-output>
        </test-method> <!-- setup -->
        <test-method signature="testLogo()[pri:1, instance:PageObjectModel.PageObjectTest@294425a7]" started-at="2023-09-17T17:05:35 IST" name="testLogo" finished-at="2023-09-17T17:05:38 IST" duration-ms="3128" status="PASS">
          <reporter-output>
          </reporter-output>
        </test-method> <!-- testLogo -->
        <test-method signature="login()[pri:2, instance:PageObjectModel.PageObjectTest@294425a7]" started-at="2023-09-17T17:05:38 IST" name="login" finished-at="2023-09-17T17:05:40 IST" duration-ms="1765" status="PASS">
          <reporter-output>
          </reporter-output>
        </test-method> <!-- login -->
        <test-method is-config="true" signature="tearDown()[pri:0, instance:PageObjectModel.PageObjectTest@294425a7]" started-at="2023-09-17T17:05:40 IST" name="tearDown" finished-at="2023-09-17T17:05:41 IST" duration-ms="393" status="PASS">
          <reporter-output>
          </reporter-output>
        </test-method> <!-- tearDown -->
      </class> <!-- PageObjectModel.PageObjectTest -->
    </test> <!-- Default test -->
  </suite> <!-- Default suite -->
</testng-results>
